{"name": "test_remove_item_from_cart", "status": "broken", "statusDetails": {"message": "selenium.common.exceptions.TimeoutException: Message: \nStacktrace:\nSymbols not available. Dumping unresolved backtrace:\n\t0x7ff7c27ea235\n\t0x7ff7c2542630\n\t0x7ff7c22d16dd\n\t0x7ff7c232a27e\n\t0x7ff7c232a58c\n\t0x7ff7c237ed77\n\t0x7ff7c237baba\n\t0x7ff7c231b0ed\n\t0x7ff7c231bf63\n\t0x7ff7c2815d60\n\t0x7ff7c280fe8a\n\t0x7ff7c2831005\n\t0x7ff7c255d71e\n\t0x7ff7c2564e1f\n\t0x7ff7c254b7c4\n\t0x7ff7c254b97f\n\t0x7ff7c25318e8\n\t0x7ff8ace27374\n\t0x7ff8ae8dcc91", "trace": "driver = <selenium.webdriver.chrome.webdriver.WebDriver (session=\"b3c7191e3dda229b4a227ca33cf439fb\")>\n\n    def test_remove_item_from_cart(driver):\n        \"\"\"\n        בדיקה שמחיקת מוצר אחד מעדכנת את מספר הפריטים בעגלה.\n        \"\"\"\n>       cart_page, selected_names = login_add_two_products_and_go_to_cart(driver)\n                                    ^^^^^^^^^^^^^^^^^^^^^^^^^^^^^^^^^^^^^^^^^^^^^\n\ntests\\test_cart.py:61: \n_ _ _ _ _ _ _ _ _ _ _ _ _ _ _ _ _ _ _ _ _ _ _ _ _ _ _ _ _ _ _ _ _ _ _ _ _ _ _ _\ntests\\test_cart.py:17: in login_add_two_products_and_go_to_cart\n    login_page.login(\"standard_user\", \"secret_sauce\")\npages\\login_page.py:25: in login\n    self.click(self.LOGIN_BTN)\npages\\base_page.py:28: in click\n    element = self.wait.until(EC.presence_of_element_located(locator))\n              ^^^^^^^^^^^^^^^^^^^^^^^^^^^^^^^^^^^^^^^^^^^^^^^^^^^^^^^^\n_ _ _ _ _ _ _ _ _ _ _ _ _ _ _ _ _ _ _ _ _ _ _ _ _ _ _ _ _ _ _ _ _ _ _ _ _ _ _ _\n\nself = <selenium.webdriver.support.wait.WebDriverWait (session=\"b3c7191e3dda229b4a227ca33cf439fb\")>\nmethod = <function presence_of_element_located.<locals>._predicate at 0x0000028144D42980>\nmessage = ''\n\n    def until(self, method: Callable[[D], Union[Literal[False], T]], message: str = \"\") -> T:\n        \"\"\"Wait until the method returns a value that is not False.\n    \n        Calls the method provided with the driver as an argument until the\n        return value does not evaluate to ``False``.\n    \n        Parameters:\n        -----------\n        method: callable(WebDriver)\n            - A callable object that takes a WebDriver instance as an argument.\n    \n        message: str\n            - Optional message for :exc:`TimeoutException`\n    \n        Return:\n        -------\n        object: T\n            - The result of the last call to `method`\n    \n        Raises:\n        -------\n        TimeoutException\n            - If 'method' does not return a truthy value within the WebDriverWait\n            object's timeout\n    \n        Example:\n        --------\n        >>> from selenium.webdriver.common.by import By\n        >>> from selenium.webdriver.support.ui import WebDriverWait\n        >>> from selenium.webdriver.support import expected_conditions as EC\n    \n        # Wait until an element is visible on the page\n        >>> wait = WebDriverWait(driver, 10)\n        >>> element = wait.until(EC.visibility_of_element_located((By.ID, \"exampleId\")))\n        >>> print(element.text)\n        \"\"\"\n        screen = None\n        stacktrace = None\n    \n        end_time = time.monotonic() + self._timeout\n        while True:\n            try:\n                value = method(self._driver)\n                if value:\n                    return value\n            except self._ignored_exceptions as exc:\n                screen = getattr(exc, \"screen\", None)\n                stacktrace = getattr(exc, \"stacktrace\", None)\n            if time.monotonic() > end_time:\n                break\n            time.sleep(self._poll)\n>       raise TimeoutException(message, screen, stacktrace)\nE       selenium.common.exceptions.TimeoutException: Message: \nE       Stacktrace:\nE       Symbols not available. Dumping unresolved backtrace:\nE       \t0x7ff7c27ea235\nE       \t0x7ff7c2542630\nE       \t0x7ff7c22d16dd\nE       \t0x7ff7c232a27e\nE       \t0x7ff7c232a58c\nE       \t0x7ff7c237ed77\nE       \t0x7ff7c237baba\nE       \t0x7ff7c231b0ed\nE       \t0x7ff7c231bf63\nE       \t0x7ff7c2815d60\nE       \t0x7ff7c280fe8a\nE       \t0x7ff7c2831005\nE       \t0x7ff7c255d71e\nE       \t0x7ff7c2564e1f\nE       \t0x7ff7c254b7c4\nE       \t0x7ff7c254b97f\nE       \t0x7ff7c25318e8\nE       \t0x7ff8ace27374\nE       \t0x7ff8ae8dcc91\n\nvenv\\Lib\\site-packages\\selenium\\webdriver\\support\\wait.py:138: TimeoutException"}, "description": "\nבדיקה שמחיקת מוצר אחד מעדכנת את מספר הפריטים בעגלה.\n", "steps": [{"name": "ביצוע לוגין עם המשתמש: 'standard_user'", "status": "broken", "statusDetails": {"message": "selenium.common.exceptions.TimeoutException: Message: \nStacktrace:\nSymbols not available. Dumping unresolved backtrace:\n\t0x7ff7c27ea235\n\t0x7ff7c2542630\n\t0x7ff7c22d16dd\n\t0x7ff7c232a27e\n\t0x7ff7c232a58c\n\t0x7ff7c237ed77\n\t0x7ff7c237baba\n\t0x7ff7c231b0ed\n\t0x7ff7c231bf63\n\t0x7ff7c2815d60\n\t0x7ff7c280fe8a\n\t0x7ff7c2831005\n\t0x7ff7c255d71e\n\t0x7ff7c2564e1f\n\t0x7ff7c254b7c4\n\t0x7ff7c254b97f\n\t0x7ff7c25318e8\n\t0x7ff8ace27374\n\t0x7ff8ae8dcc91\n\n", "trace": "  File \"C:\\Users\\Dana\\Desktop\\web_automation\\venv\\Lib\\site-packages\\allure_commons\\_allure.py\", line 202, in impl\n    return func(*a, **kw)\n  File \"C:\\Users\\Dana\\Desktop\\web_automation\\pages\\login_page.py\", line 25, in login\n    self.click(self.LOGIN_BTN)\n    ~~~~~~~~~~^^^^^^^^^^^^^^^^\n  File \"C:\\Users\\Dana\\Desktop\\web_automation\\pages\\base_page.py\", line 28, in click\n    element = self.wait.until(EC.presence_of_element_located(locator))\n  File \"C:\\Users\\Dana\\Desktop\\web_automation\\venv\\Lib\\site-packages\\selenium\\webdriver\\support\\wait.py\", line 138, in until\n    raise TimeoutException(message, screen, stacktrace)\n"}, "steps": [{"name": "פתיחת דף הלוגין", "status": "passed", "start": 1765476683872, "stop": 1765476685084}], "parameters": [{"name": "username", "value": "'standard_user'"}, {"name": "password", "value": "'secret_sauce'"}], "start": 1765476683872, "stop": 1765476707003}], "start": 1765476683871, "stop": 1765476707005, "uuid": "72afae7f-5033-4564-bf79-c07ec5e79985", "historyId": "918fe93135fa94adcf551d20c0041dfa", "testCaseId": "918fe93135fa94adcf551d20c0041dfa", "fullName": "tests.test_cart#test_remove_item_from_cart", "labels": [{"name": "parentSuite", "value": "tests"}, {"name": "suite", "value": "test_cart"}, {"name": "host", "value": "DanaS"}, {"name": "thread", "value": "22944-MainThread"}, {"name": "framework", "value": "pytest"}, {"name": "language", "value": "cpython3"}, {"name": "package", "value": "tests.test_cart"}], "titlePath": ["tests", "test_cart.py"]}