{"name": "test_full_purchase_flow", "status": "broken", "statusDetails": {"message": "selenium.common.exceptions.TimeoutException: Message:", "trace": "driver = <selenium.webdriver.chrome.webdriver.WebDriver (session=\"960aaaf4f58027110194ca11228efcb6\")>\n\n    def test_full_purchase_flow(driver):\n        \"\"\"\n        תרחיש קצה-לקצה מלא (E2E):\n        1. התחברות למערכת\n        2. הוספת מוצר לעגלה\n        3. מעבר לעגלה ולחיצה על Checkout\n        4. מילוי פרטים אישיים\n        5. סיום הזמנה ואימות הודעת הצלחה\n        \"\"\"\n    \n        # 1. Login\n        login_page = LoginPage(driver)\n        login_page.login(\"standard_user\", \"secret_sauce\")\n    \n        # 2. Add product to cart\n        home_page = HomePage(driver)\n        home_page.add_product_to_cart_by_index(0) # מוסיפים את המוצר הראשון\n    \n        # 3. Go to cart & Proceed to Checkout\n        home_page.go_to_cart()\n    \n        cart_page = CartPage(driver)\n        # אנחנו צריכים ללחוץ על checkout.\n        # הערה: כפתור ה-checkout נמצא בעמוד העגלה.\n        # אפשר להשתמש ב-CheckoutPage כדי למצוא אותו או להוסיף ל-CartPage.\n        # לשם הפשטות, נשתמש ב-CheckoutPage שמכיל את ה-Locator הזה.\n        checkout_page = CheckoutPage(driver)\n        checkout_page.click_checkout()\n    \n        # 4. Fill details\n        checkout_page.fill_details(\"Dana\", \"Tester\", \"12345\")\n>       checkout_page.click_continue()\n\ntests\\test_e2e.py:38: \n_ _ _ _ _ _ _ _ _ _ _ _ _ _ _ _ _ _ _ _ _ _ _ _ _ _ _ _ _ _ _ _ _ _ _ _ _ _ _ _\npages\\checkout_page.py:39: in click_continue\n    self.wait.until(lambda d: \"checkout-step-two\" in d.current_url)\n_ _ _ _ _ _ _ _ _ _ _ _ _ _ _ _ _ _ _ _ _ _ _ _ _ _ _ _ _ _ _ _ _ _ _ _ _ _ _ _\n\nself = <selenium.webdriver.support.wait.WebDriverWait (session=\"960aaaf4f58027110194ca11228efcb6\")>\nmethod = <function CheckoutPage.click_continue.<locals>.<lambda> at 0x0000022B4FB4C5E0>\nmessage = ''\n\n    def until(self, method: Callable[[D], Union[Literal[False], T]], message: str = \"\") -> T:\n        \"\"\"Wait until the method returns a value that is not False.\n    \n        Calls the method provided with the driver as an argument until the\n        return value does not evaluate to ``False``.\n    \n        Parameters:\n        -----------\n        method: callable(WebDriver)\n            - A callable object that takes a WebDriver instance as an argument.\n    \n        message: str\n            - Optional message for :exc:`TimeoutException`\n    \n        Return:\n        -------\n        object: T\n            - The result of the last call to `method`\n    \n        Raises:\n        -------\n        TimeoutException\n            - If 'method' does not return a truthy value within the WebDriverWait\n            object's timeout\n    \n        Example:\n        --------\n        >>> from selenium.webdriver.common.by import By\n        >>> from selenium.webdriver.support.ui import WebDriverWait\n        >>> from selenium.webdriver.support import expected_conditions as EC\n    \n        # Wait until an element is visible on the page\n        >>> wait = WebDriverWait(driver, 10)\n        >>> element = wait.until(EC.visibility_of_element_located((By.ID, \"exampleId\")))\n        >>> print(element.text)\n        \"\"\"\n        screen = None\n        stacktrace = None\n    \n        end_time = time.monotonic() + self._timeout\n        while True:\n            try:\n                value = method(self._driver)\n                if value:\n                    return value\n            except self._ignored_exceptions as exc:\n                screen = getattr(exc, \"screen\", None)\n                stacktrace = getattr(exc, \"stacktrace\", None)\n            if time.monotonic() > end_time:\n                break\n            time.sleep(self._poll)\n>       raise TimeoutException(message, screen, stacktrace)\nE       selenium.common.exceptions.TimeoutException: Message:\n\nvenv\\Lib\\site-packages\\selenium\\webdriver\\support\\wait.py:138: TimeoutException"}, "description": "\nתרחיש קצה-לקצה מלא (E2E):\n1. התחברות למערכת\n2. הוספת מוצר לעגלה\n3. מעבר לעגלה ולחיצה על Checkout\n4. מילוי פרטים אישיים\n5. סיום הזמנה ואימות הודעת הצלחה\n", "steps": [{"name": "ביצוע לוגין עם המשתמש: 'standard_user'", "status": "passed", "steps": [{"name": "פתיחת דף הלוגין", "status": "passed", "start": 1765477240581, "stop": 1765477241274}], "parameters": [{"name": "username", "value": "'standard_user'"}, {"name": "password", "value": "'secret_sauce'"}], "start": 1765477240581, "stop": 1765477242963}], "start": 1765477240580, "stop": 1765477259605, "uuid": "ebe58b3e-16bf-4709-90a7-14e95e7bcd59", "historyId": "b9eada51bd4dee1d355dc35fe9a84903", "testCaseId": "b9eada51bd4dee1d355dc35fe9a84903", "fullName": "tests.test_e2e#test_full_purchase_flow", "labels": [{"name": "parentSuite", "value": "tests"}, {"name": "suite", "value": "test_e2e"}, {"name": "host", "value": "DanaS"}, {"name": "thread", "value": "27080-MainThread"}, {"name": "framework", "value": "pytest"}, {"name": "language", "value": "cpython3"}, {"name": "package", "value": "tests.test_e2e"}], "titlePath": ["tests", "test_e2e.py"]}