{"name": "test_full_purchase_flow", "status": "broken", "statusDetails": {"message": "selenium.common.exceptions.TimeoutException: Message: \nStacktrace:\nSymbols not available. Dumping unresolved backtrace:\n\t0x7ff7c27ea235\n\t0x7ff7c2542630\n\t0x7ff7c22d16dd\n\t0x7ff7c232a27e\n\t0x7ff7c232a58c\n\t0x7ff7c237ed77\n\t0x7ff7c237baba\n\t0x7ff7c231b0ed\n\t0x7ff7c231bf63\n\t0x7ff7c2815d60\n\t0x7ff7c280fe8a\n\t0x7ff7c2831005\n\t0x7ff7c255d71e\n\t0x7ff7c2564e1f\n\t0x7ff7c254b7c4\n\t0x7ff7c254b97f\n\t0x7ff7c25318e8\n\t0x7ff8ace27374\n\t0x7ff8ae8dcc91", "trace": "driver = <selenium.webdriver.chrome.webdriver.WebDriver (session=\"7c37b499a6353c292eceeeaae80266a8\")>\n\n    def test_full_purchase_flow(driver):\n        \"\"\"\n        תרחיש קצה-לקצה מלא (E2E):\n        1. התחברות למערכת\n        2. הוספת מוצר לעגלה\n        3. מעבר לעגלה ולחיצה על Checkout\n        4. מילוי פרטים אישיים\n        5. סיום הזמנה ואימות הודעת הצלחה\n        \"\"\"\n    \n        # 1. Login\n        login_page = LoginPage(driver)\n        login_page.login(\"standard_user\", \"secret_sauce\")\n    \n        # 2. Add product to cart\n        home_page = HomePage(driver)\n        home_page.add_product_to_cart_by_index(0) # מוסיפים את המוצר הראשון\n    \n        # 3. Go to cart & Proceed to Checkout\n        home_page.go_to_cart()\n    \n        cart_page = CartPage(driver)\n        # אנחנו צריכים ללחוץ על checkout.\n        # הערה: כפתור ה-checkout נמצא בעמוד העגלה.\n        # אפשר להשתמש ב-CheckoutPage כדי למצוא אותו או להוסיף ל-CartPage.\n        # לשם הפשטות, נשתמש ב-CheckoutPage שמכיל את ה-Locator הזה.\n        checkout_page = CheckoutPage(driver)\n        checkout_page.click_checkout()\n    \n        # 4. Fill details\n        checkout_page.fill_details(\"Dana\", \"Tester\", \"12345\")\n        checkout_page.click_continue()\n    \n        # (כאן אפשר להוסיף בדיקת ביניים של עמוד הסיכום אם רוצים)\n    \n        # 5. Finish & Validate\n>       checkout_page.click_finish()\n\ntests\\test_e2e.py:43: \n_ _ _ _ _ _ _ _ _ _ _ _ _ _ _ _ _ _ _ _ _ _ _ _ _ _ _ _ _ _ _ _ _ _ _ _ _ _ _ _\npages\\checkout_page.py:33: in click_finish\n    btn = self.find(self.FINISH_BUTTON)\n          ^^^^^^^^^^^^^^^^^^^^^^^^^^^^^\npages\\base_page.py:12: in find\n    return self.wait.until(EC.presence_of_element_located(locator))\n           ^^^^^^^^^^^^^^^^^^^^^^^^^^^^^^^^^^^^^^^^^^^^^^^^^^^^^^^^\n_ _ _ _ _ _ _ _ _ _ _ _ _ _ _ _ _ _ _ _ _ _ _ _ _ _ _ _ _ _ _ _ _ _ _ _ _ _ _ _\n\nself = <selenium.webdriver.support.wait.WebDriverWait (session=\"7c37b499a6353c292eceeeaae80266a8\")>\nmethod = <function presence_of_element_located.<locals>._predicate at 0x000001BF21C3C5E0>\nmessage = ''\n\n    def until(self, method: Callable[[D], Union[Literal[False], T]], message: str = \"\") -> T:\n        \"\"\"Wait until the method returns a value that is not False.\n    \n        Calls the method provided with the driver as an argument until the\n        return value does not evaluate to ``False``.\n    \n        Parameters:\n        -----------\n        method: callable(WebDriver)\n            - A callable object that takes a WebDriver instance as an argument.\n    \n        message: str\n            - Optional message for :exc:`TimeoutException`\n    \n        Return:\n        -------\n        object: T\n            - The result of the last call to `method`\n    \n        Raises:\n        -------\n        TimeoutException\n            - If 'method' does not return a truthy value within the WebDriverWait\n            object's timeout\n    \n        Example:\n        --------\n        >>> from selenium.webdriver.common.by import By\n        >>> from selenium.webdriver.support.ui import WebDriverWait\n        >>> from selenium.webdriver.support import expected_conditions as EC\n    \n        # Wait until an element is visible on the page\n        >>> wait = WebDriverWait(driver, 10)\n        >>> element = wait.until(EC.visibility_of_element_located((By.ID, \"exampleId\")))\n        >>> print(element.text)\n        \"\"\"\n        screen = None\n        stacktrace = None\n    \n        end_time = time.monotonic() + self._timeout\n        while True:\n            try:\n                value = method(self._driver)\n                if value:\n                    return value\n            except self._ignored_exceptions as exc:\n                screen = getattr(exc, \"screen\", None)\n                stacktrace = getattr(exc, \"stacktrace\", None)\n            if time.monotonic() > end_time:\n                break\n            time.sleep(self._poll)\n>       raise TimeoutException(message, screen, stacktrace)\nE       selenium.common.exceptions.TimeoutException: Message: \nE       Stacktrace:\nE       Symbols not available. Dumping unresolved backtrace:\nE       \t0x7ff7c27ea235\nE       \t0x7ff7c2542630\nE       \t0x7ff7c22d16dd\nE       \t0x7ff7c232a27e\nE       \t0x7ff7c232a58c\nE       \t0x7ff7c237ed77\nE       \t0x7ff7c237baba\nE       \t0x7ff7c231b0ed\nE       \t0x7ff7c231bf63\nE       \t0x7ff7c2815d60\nE       \t0x7ff7c280fe8a\nE       \t0x7ff7c2831005\nE       \t0x7ff7c255d71e\nE       \t0x7ff7c2564e1f\nE       \t0x7ff7c254b7c4\nE       \t0x7ff7c254b97f\nE       \t0x7ff7c25318e8\nE       \t0x7ff8ace27374\nE       \t0x7ff8ae8dcc91\n\nvenv\\Lib\\site-packages\\selenium\\webdriver\\support\\wait.py:138: TimeoutException"}, "description": "\nתרחיש קצה-לקצה מלא (E2E):\n1. התחברות למערכת\n2. הוספת מוצר לעגלה\n3. מעבר לעגלה ולחיצה על Checkout\n4. מילוי פרטים אישיים\n5. סיום הזמנה ואימות הודעת הצלחה\n", "steps": [{"name": "ביצוע לוגין עם המשתמש: 'standard_user'", "status": "passed", "steps": [{"name": "פתיחת דף הלוגין", "status": "passed", "start": 1765471356315, "stop": 1765471357664}], "parameters": [{"name": "username", "value": "'standard_user'"}, {"name": "password", "value": "'secret_sauce'"}], "start": 1765471356315, "stop": 1765471358826}], "start": 1765471356314, "stop": 1765471381807, "uuid": "152f6894-6d0f-45b9-865d-362005b31d36", "historyId": "b9eada51bd4dee1d355dc35fe9a84903", "testCaseId": "b9eada51bd4dee1d355dc35fe9a84903", "fullName": "tests.test_e2e#test_full_purchase_flow", "labels": [{"name": "parentSuite", "value": "tests"}, {"name": "suite", "value": "test_e2e"}, {"name": "host", "value": "DanaS"}, {"name": "thread", "value": "21032-MainThread"}, {"name": "framework", "value": "pytest"}, {"name": "language", "value": "cpython3"}, {"name": "package", "value": "tests.test_e2e"}], "titlePath": ["tests", "test_e2e.py"]}