{"name": "test_cart_item_names_match_selected", "status": "failed", "statusDetails": {"message": "AssertionError: assert {'Sauce Labs Backpack'} == {'Sauce Labs ...s Bike Light'}\n  \n  Extra items in the right set:\n  \u001b[0m\u001b[33m'\u001b[39;49;00m\u001b[33mSauce Labs Bike Light\u001b[39;49;00m\u001b[33m'\u001b[39;49;00m\u001b[90m\u001b[39;49;00m\n  \n  Full diff:\n  \u001b[0m\u001b[90m \u001b[39;49;00m {\u001b[90m\u001b[39;49;00m\n  \u001b[90m \u001b[39;49;00m     'Sauce Labs Backpack',\u001b[90m\u001b[39;49;00m\n  \u001b[91m-     'Sauce Labs Bike Light',\u001b[39;49;00m\u001b[90m\u001b[39;49;00m\n  \u001b[90m \u001b[39;49;00m }\u001b[90m\u001b[39;49;00m", "trace": "driver = <selenium.webdriver.chrome.webdriver.WebDriver (session=\"6e5b1f39ed670eb23174bf30df8d17f9\")>\n\n    def test_cart_item_names_match_selected(driver):\n        \"\"\"\n        בדיקה ששמות המוצרים בעגלה תואמים לשמות שבחרנו מדף המוצרים.\n        \"\"\"\n        cart_page, selected_names = login_add_two_products_and_go_to_cart(driver)\n    \n        cart_names = cart_page.get_cart_item_names()\n    \n        # משווים כסטים כדי שסדר לא ישנה\n>       assert set(cart_names) == set(selected_names)\nE       AssertionError: assert {'Sauce Labs Backpack'} == {'Sauce Labs ...s Bike Light'}\nE         \nE         Extra items in the right set:\nE         \u001b[0m\u001b[33m'\u001b[39;49;00m\u001b[33mSauce Labs Bike Light\u001b[39;49;00m\u001b[33m'\u001b[39;49;00m\u001b[90m\u001b[39;49;00m\nE         \nE         Full diff:\nE         \u001b[0m\u001b[90m \u001b[39;49;00m {\u001b[90m\u001b[39;49;00m\nE         \u001b[90m \u001b[39;49;00m     'Sauce Labs Backpack',\u001b[90m\u001b[39;49;00m\nE         \u001b[91m-     'Sauce Labs Bike Light',\u001b[39;49;00m\u001b[90m\u001b[39;49;00m\nE         \u001b[90m \u001b[39;49;00m }\u001b[90m\u001b[39;49;00m\n\ntests\\test_cart.py:54: AssertionError"}, "description": "\nבדיקה ששמות המוצרים בעגלה תואמים לשמות שבחרנו מדף המוצרים.\n", "steps": [{"name": "ביצוע לוגין עם המשתמש: 'standard_user'", "status": "passed", "steps": [{"name": "פתיחת דף הלוגין", "status": "passed", "start": 1765398885456, "stop": 1765398886543}], "parameters": [{"name": "username", "value": "'standard_user'"}, {"name": "password", "value": "'secret_sauce'"}], "start": 1765398885456, "stop": 1765398887236}], "start": 1765398885456, "stop": 1765398888037, "uuid": "807d5b57-334c-4903-8e78-3eac67e258bb", "historyId": "fe4080360a6623d9ce67d911a6c0a7a8", "testCaseId": "fe4080360a6623d9ce67d911a6c0a7a8", "fullName": "tests.test_cart#test_cart_item_names_match_selected", "labels": [{"name": "parentSuite", "value": "tests"}, {"name": "suite", "value": "test_cart"}, {"name": "host", "value": "DanaS"}, {"name": "thread", "value": "22392-MainThread"}, {"name": "framework", "value": "pytest"}, {"name": "language", "value": "cpython3"}, {"name": "package", "value": "tests.test_cart"}], "titlePath": ["tests", "test_cart.py"]}